<?xml version="1.0" encoding="UTF-8"?>
<!-- Generated by org.testng.reporters.JUnitReportReporter -->
<testsuite skipped="0" hostname="DESKTOP-TIV1G2J" name="uk.co.library.testsuite.JobSearchTest" tests="2" failures="0" timestamp="2022-05-09T13:14:22 BST" time="18.140" errors="0">
  <testcase name="verifyJobSearchResultUsingDifferentDataSet" time="8.676" classname="uk.co.library.testsuite.JobSearchTest"/>
  <system-out>
    <![CDATA[Enter jobtitle Software Tester to jobtitle field [[ChromeDriver: chrome on WINDOWS (b6df23219d9a9602d49143c373c01234)] -> xpath: //input[@id='keywords']]<br>
Enter location London to location field [[ChromeDriver: chrome on WINDOWS (b6df23219d9a9602d49143c373c01234)] -> xpath: //input[@id='location']]<br>
Select distance up to 50 miles from distsance dropdown [[ChromeDriver: chrome on WINDOWS (b6df23219d9a9602d49143c373c01234)] -> xpath: //select[@id='distance']]<br>
Click on more search option [[ChromeDriver: chrome on WINDOWS (b6df23219d9a9602d49143c373c01234)] -> xpath: //button[@id='toggle-hp-search']]<br>
Enter min Salary 45000 to minimum salary field [[ChromeDriver: chrome on WINDOWS (b6df23219d9a9602d49143c373c01234)] -> xpath: //input[@id='salarymin']]<br>
Enter max Salary 70000 to maximum salary field [[ChromeDriver: chrome on WINDOWS (b6df23219d9a9602d49143c373c01234)] -> xpath: //input[@id='salarymax']]<br>
Select Salary Type Per month from salary type dropdown [[ChromeDriver: chrome on WINDOWS (b6df23219d9a9602d49143c373c01234)] -> xpath: //select[@id='salarytype']]<br>
Select Job Type Any from job type dropdown [[ChromeDriver: chrome on WINDOWS (b6df23219d9a9602d49143c373c01234)] -> xpath: //select[@id='tempperm']]<br>
Click on FindJob button[[ChromeDriver: chrome on WINDOWS (b6df23219d9a9602d49143c373c01234)] -> xpath: //input[@id='hp-search-btn']]<br>]]>
  </system-out>
  <testcase name="verifyJobSearchResultUsingDifferentDataSet" time="9.464" classname="uk.co.library.testsuite.JobSearchTest"/>
  <system-out>
    <![CDATA[Enter jobtitle Tester to jobtitle field [[ChromeDriver: chrome on WINDOWS (51c4da3abb8fcdf27e838e0a5d3c4b33)] -> xpath: //input[@id='keywords']]<br>
Enter location Harrow to location field [[ChromeDriver: chrome on WINDOWS (51c4da3abb8fcdf27e838e0a5d3c4b33)] -> xpath: //input[@id='location']]<br>
Select distance up to 5 miles from distsance dropdown [[ChromeDriver: chrome on WINDOWS (51c4da3abb8fcdf27e838e0a5d3c4b33)] -> xpath: //select[@id='distance']]<br>
Click on more search option [[ChromeDriver: chrome on WINDOWS (51c4da3abb8fcdf27e838e0a5d3c4b33)] -> xpath: //button[@id='toggle-hp-search']]<br>
Enter min Salary 30000 to minimum salary field [[ChromeDriver: chrome on WINDOWS (51c4da3abb8fcdf27e838e0a5d3c4b33)] -> xpath: //input[@id='salarymin']]<br>
Enter max Salary 500000 to maximum salary field [[ChromeDriver: chrome on WINDOWS (51c4da3abb8fcdf27e838e0a5d3c4b33)] -> xpath: //input[@id='salarymax']]<br>
Select Salary Type Per annum from salary type dropdown [[ChromeDriver: chrome on WINDOWS (51c4da3abb8fcdf27e838e0a5d3c4b33)] -> xpath: //select[@id='salarytype']]<br>
Select Job Type Permanent from job type dropdown [[ChromeDriver: chrome on WINDOWS (51c4da3abb8fcdf27e838e0a5d3c4b33)] -> xpath: //select[@id='tempperm']]<br>
Click on FindJob button[[ChromeDriver: chrome on WINDOWS (51c4da3abb8fcdf27e838e0a5d3c4b33)] -> xpath: //input[@id='hp-search-btn']]<br>]]>
  </system-out>
</testsuite> <!-- uk.co.library.testsuite.JobSearchTest -->
